0 info it worked if it ends with ok
1 verbose cli [ 'node', '/usr/local/bin/npm', 'install', '-g', 'ruby' ]
2 info using npm@1.1.66
3 info using node@v0.8.15
4 verbose read json /usr/local/lib/package.json
5 verbose read json /usr/local/lib/package.json
6 verbose cache add [ 'ruby', null ]
7 silly cache add name=undefined spec="ruby" args=["ruby",null]
8 verbose parsed url { pathname: 'ruby', path: 'ruby', href: 'ruby' }
9 silly lockFile 18e40e14-ruby ruby
10 verbose lock ruby /Users/bk/.npm/18e40e14-ruby.lock
11 silly lockFile 18e40e14-ruby ruby
12 verbose addNamed [ 'ruby', '' ]
13 verbose addNamed [ null, '' ]
14 silly lockFile f07098c3-ruby ruby@
15 verbose lock ruby@ /Users/bk/.npm/f07098c3-ruby.lock
16 silly addNameRange { name: 'ruby', range: '', hasData: false }
17 verbose url raw ruby
18 verbose url resolving [ 'https://registry.npmjs.org/', './ruby' ]
19 verbose url resolved https://registry.npmjs.org/ruby
20 info trying registry request attempt 1 at 10:22:31
21 http GET https://registry.npmjs.org/ruby
22 http 404 https://registry.npmjs.org/ruby
23 silly registry.get cb [ 404,
23 silly registry.get   { server: 'CouchDB/1.3.1 (Erlang OTP/R15B03)',
23 silly registry.get     date: 'Fri, 27 Sep 2013 08:22:31 GMT',
23 silly registry.get     'content-type': 'application/json',
23 silly registry.get     'content-length': '52',
23 silly registry.get     'cache-control': 'must-revalidate' } ]
24 silly lockFile f07098c3-ruby ruby@
25 error 404 'ruby' is not in the npm registry.
25 error 404 You should bug the author to publish it
25 error 404
25 error 404 Note that you can also install from a
25 error 404 tarball, folder, or http url, or git url.
26 error System Darwin 12.4.0
27 error command "node" "/usr/local/bin/npm" "install" "-g" "ruby"
28 error cwd /Users/bk/sites/CodeursEnSeine-site
29 error node -v v0.8.15
30 error npm -v 1.1.66
31 error code E404
32 verbose exit [ 1, true ]
